Arguments: 
  /usr/local/Cellar/node/10.4.1/bin/node /usr/local/Cellar/yarn/1.7.0/libexec/bin/yarn.js publish

PATH: 
  /Users/teimurgasanov/Projects/go/bin:/usr/local/sbin:/usr/local/bin:/usr/local/bin:/usr/bin:/bin:/usr/sbin:/sbin:/usr/local/go/bin:/Users/teimurgasanov/Projects/go/bin:/usr/local/sbin

Yarn version: 
  1.7.0

Node version: 
  10.4.1

Platform: 
  darwin x64

Trace: 
  Error: canceled
      at Interface.<anonymous> (/usr/local/Cellar/yarn/1.7.0/libexec/lib/cli.js:131036:13)
      at Interface.emit (events.js:182:13)
      at Interface._ttyWrite (readline.js:783:16)
      at ReadStream.onkeypress (readline.js:168:10)
      at ReadStream.emit (events.js:182:13)
      at emitKeys (internal/readline.js:422:14)
      at emitKeys.next (<anonymous>)
      at ReadStream.onData (readline.js:1022:36)
      at ReadStream.emit (events.js:182:13)
      at addChunk (_stream_readable.js:283:12)

npm manifest: 
  {
    "name": "sync-query-redux",
    "version": "0.0.27",
    "description": "Synchronise redux state with URL query parameters.",
    "main": "lib/index.js",
    "scripts": {
      "test": "node ./scripts/test.js --env=jsdom",
      "build": "flow && npm run test && rm -rf lib && npm run prepack:babel && npm run prepack:flow",
      "prepack": "npm run build",
      "prepack:babel": "babel src/ -d lib",
      "prepack:flow": "flow-copy-source src lib",
      "postpublish": "git add . && git commit -m \"$COMMIT_MSG\" && git push"
    },
    "repository": {
      "type": "git",
      "url": "git+https://github.com/teimurjan/sync-query-redux.git"
    },
    "keywords": [
      "redux",
      "sync",
      "url",
      "query",
      "location",
      "search",
      "parameters"
    ],
    "author": "teimurjan <teymurgg321@gmail.com> (https://teimurjan.github.io)",
    "license": "MIT",
    "bugs": {
      "url": "https://github.com/teimurjan/sync-query-redux/issues"
    },
    "homepage": "https://github.com/teimurjan/sync-query-redux#readme",
    "devDependencies": {
      "babel-cli": "^6.26.0",
      "babel-core": "^6.26.3",
      "babel-jest": "^23.4.2",
      "babel-plugin-transform-class-properties": "^6.24.1",
      "babel-plugin-transform-flow-strip-types": "^6.22.0",
      "babel-plugin-transform-object-rest-spread": "^6.26.0",
      "babel-preset-es2015": "^6.24.1",
      "babel-preset-flow": "^6.23.0",
      "flow-bin": "^0.78.0",
      "flow-copy-source": "^2.0.2",
      "flow-typed": "^2.5.1",
      "jest": "^23.4.2"
    },
    "files": [
      "lib"
    ],
    "dependencies": {
      "qs": "^6.5.2"
    },
    "jest": {
      "testEnvironment": "jsdom",
      "testURL": "http://localhost",
      "transform": {
        "^.+\\.(js)$": "<rootDir>/node_modules/babel-jest"
      },
      "testMatch": [
        "<rootDir>/__tests__/**/*.test.js"
      ]
    }
  }

yarn manifest: 
  No manifest

Lockfile: 
  No lockfile
